0 info it worked if it ends with ok
1 verbose cli [ 'C:\\Program Files\\nodejs\\\\node.exe',
1 verbose cli   'C:\\Program Files\\nodejs\\node_modules\\npm\\bin\\npm-cli.js',
1 verbose cli   'install',
1 verbose cli   'httpsync' ]
2 info using npm@1.4.3
3 info using node@v0.10.26
4 verbose node symlink C:\Program Files\nodejs\\node.exe
5 warn package.json http@0.0.0 http is also the name of a node core module.
6 warn package.json http@0.0.0 No description
7 warn package.json http@0.0.0 No repository field.
8 warn package.json url@0.7.9 url is also the name of a node core module.
9 verbose readDependencies using package.json deps
10 verbose cache add [ 'httpsync', null ]
11 verbose cache add name=undefined spec="httpsync" args=["httpsync",null]
12 verbose parsed url { protocol: null,
12 verbose parsed url   slashes: null,
12 verbose parsed url   auth: null,
12 verbose parsed url   host: null,
12 verbose parsed url   port: null,
12 verbose parsed url   hostname: null,
12 verbose parsed url   hash: null,
12 verbose parsed url   search: null,
12 verbose parsed url   query: null,
12 verbose parsed url   pathname: 'httpsync',
12 verbose parsed url   path: 'httpsync',
12 verbose parsed url   href: 'httpsync' }
13 silly lockFile ca6a830e-httpsync httpsync
14 verbose lock httpsync C:\Users\Rinat\AppData\Roaming\npm-cache\ca6a830e-httpsync.lock
15 silly lockFile ca6a830e-httpsync httpsync
16 silly lockFile ca6a830e-httpsync httpsync
17 verbose addNamed [ 'httpsync', '' ]
18 verbose addNamed [ null, '*' ]
19 silly lockFile 202468d7-httpsync httpsync@
20 verbose lock httpsync@ C:\Users\Rinat\AppData\Roaming\npm-cache\202468d7-httpsync.lock
21 silly addNameRange { name: 'httpsync', range: '*', hasData: false }
22 verbose url raw httpsync
23 verbose url resolving [ 'https://registry.npmjs.org/', './httpsync' ]
24 verbose url resolved https://registry.npmjs.org/httpsync
25 info trying registry request attempt 1 at 23:24:50
26 http GET https://registry.npmjs.org/httpsync
27 http 200 https://registry.npmjs.org/httpsync
28 silly registry.get cb [ 200,
28 silly registry.get   { date: 'Mon, 31 Mar 2014 19:24:52 GMT',
28 silly registry.get     server: 'CouchDB/1.5.0 (Erlang OTP/R14B04)',
28 silly registry.get     etag: '"EUJZ030TT7C8Y2J785O3JX8QB"',
28 silly registry.get     'content-type': 'application/json',
28 silly registry.get     via: '1.1 varnish',
28 silly registry.get     'cache-control': 'max-age=1',
28 silly registry.get     'content-length': '49826',
28 silly registry.get     'accept-ranges': 'bytes',
28 silly registry.get     age: '0',
28 silly registry.get     'x-served-by': 'cache-v44-ASH, cache-fra1221-FRA',
28 silly registry.get     'x-cache': 'MISS, MISS',
28 silly registry.get     'x-cache-hits': '0, 0',
28 silly registry.get     'x-timer': 'S1396293892.078407288,VS0,VS49,VE325,VE478',
28 silly registry.get     vary: 'Accept',
28 silly registry.get     'keep-alive': 'timeout=10, max=50',
28 silly registry.get     connection: 'Keep-Alive' } ]
29 silly addNameRange number 2 { name: 'httpsync', range: '*', hasData: true }
30 silly addNameRange versions [ 'httpsync',
30 silly addNameRange   [ '0.0.1',
30 silly addNameRange     '0.0.2',
30 silly addNameRange     '0.0.3',
30 silly addNameRange     '0.0.4',
30 silly addNameRange     '0.0.5',
30 silly addNameRange     '0.0.6',
30 silly addNameRange     '0.0.7',
30 silly addNameRange     '0.0.8' ] ]
31 verbose addNamed [ 'httpsync', '0.0.8' ]
32 verbose addNamed [ '0.0.8', '0.0.8' ]
33 silly lockFile d0d8c59d-httpsync-0-0-8 httpsync@0.0.8
34 verbose lock httpsync@0.0.8 C:\Users\Rinat\AppData\Roaming\npm-cache\d0d8c59d-httpsync-0-0-8.lock
35 silly lockFile 553adfde--org-httpsync-httpsync-0-0-8-tgz https://registry.npmjs.org/httpsync/-/httpsync-0.0.8.tgz
36 verbose lock https://registry.npmjs.org/httpsync/-/httpsync-0.0.8.tgz C:\Users\Rinat\AppData\Roaming\npm-cache\553adfde--org-httpsync-httpsync-0-0-8-tgz.lock
37 verbose addRemoteTarball [ 'https://registry.npmjs.org/httpsync/-/httpsync-0.0.8.tgz',
37 verbose addRemoteTarball   '2dbca214c17fa4f1adc95e102ef62acc0f98de6d' ]
38 info retry fetch attempt 1 at 23:24:52
39 verbose fetch to= C:\Users\Rinat\AppData\Local\Temp\npm-10216-_6hpv5-2\1396293892972-0.6895102399867028\tmp.tgz
40 http GET https://registry.npmjs.org/httpsync/-/httpsync-0.0.8.tgz
41 http 200 https://registry.npmjs.org/httpsync/-/httpsync-0.0.8.tgz
42 verbose tar unpack C:\Users\Rinat\AppData\Local\Temp\npm-10216-_6hpv5-2\1396293892972-0.6895102399867028\tmp.tgz
43 silly lockFile d4cf90c8-92972-0-6895102399867028-package tar://C:\Users\Rinat\AppData\Local\Temp\npm-10216-_6hpv5-2\1396293892972-0.6895102399867028\package
44 verbose lock tar://C:\Users\Rinat\AppData\Local\Temp\npm-10216-_6hpv5-2\1396293892972-0.6895102399867028\package C:\Users\Rinat\AppData\Roaming\npm-cache\d4cf90c8-92972-0-6895102399867028-package.lock
45 silly lockFile f80f185d-92972-0-6895102399867028-tmp-tgz tar://C:\Users\Rinat\AppData\Local\Temp\npm-10216-_6hpv5-2\1396293892972-0.6895102399867028\tmp.tgz
46 verbose lock tar://C:\Users\Rinat\AppData\Local\Temp\npm-10216-_6hpv5-2\1396293892972-0.6895102399867028\tmp.tgz C:\Users\Rinat\AppData\Roaming\npm-cache\f80f185d-92972-0-6895102399867028-tmp-tgz.lock
47 silly gunzTarPerm modes [ '755', '644' ]
48 silly gunzTarPerm extractEntry package.json
49 silly gunzTarPerm extractEntry .npmignore
50 silly gunzTarPerm extractEntry README.md
51 silly gunzTarPerm extractEntry index.js
52 silly gunzTarPerm extractEntry Makefile
53 silly gunzTarPerm extractEntry wscript
54 silly gunzTarPerm extractEntry TODO
55 silly gunzTarPerm extractEntry binding.gyp
56 silly gunzTarPerm extractEntry .travis.yml
57 silly gunzTarPerm extractEntry example/upload_file.js
58 silly gunzTarPerm extractEntry AUTHORS
59 silly gunzTarPerm extractEntry link.sh
60 silly gunzTarPerm extractEntry History.md
61 silly gunzTarPerm extractEntry src/curl.cc
62 silly gunzTarPerm extractEntry src/curl.h
63 silly gunzTarPerm extractEntry src/main.cc
64 silly gunzTarPerm extractEntry src/request.cc
65 silly gunzTarPerm extractEntry test/curl.js
66 silly gunzTarPerm extractEntry test/mocha.opts
67 silly gunzTarPerm extractEntry test/support/echo.js
68 silly gunzTarPerm extractEntry build.sh
69 silly lockFile d4cf90c8-92972-0-6895102399867028-package tar://C:\Users\Rinat\AppData\Local\Temp\npm-10216-_6hpv5-2\1396293892972-0.6895102399867028\package
70 silly lockFile d4cf90c8-92972-0-6895102399867028-package tar://C:\Users\Rinat\AppData\Local\Temp\npm-10216-_6hpv5-2\1396293892972-0.6895102399867028\package
71 silly lockFile f80f185d-92972-0-6895102399867028-tmp-tgz tar://C:\Users\Rinat\AppData\Local\Temp\npm-10216-_6hpv5-2\1396293892972-0.6895102399867028\tmp.tgz
72 silly lockFile f80f185d-92972-0-6895102399867028-tmp-tgz tar://C:\Users\Rinat\AppData\Local\Temp\npm-10216-_6hpv5-2\1396293892972-0.6895102399867028\tmp.tgz
73 verbose tar pack [ 'C:\\Users\\Rinat\\AppData\\Roaming\\npm-cache\\httpsync\\0.0.8\\package.tgz',
73 verbose tar pack   'C:\\Users\\Rinat\\AppData\\Local\\Temp\\npm-10216-_6hpv5-2\\1396293892972-0.6895102399867028\\package' ]
74 verbose tarball C:\Users\Rinat\AppData\Roaming\npm-cache\httpsync\0.0.8\package.tgz
75 verbose folder C:\Users\Rinat\AppData\Local\Temp\npm-10216-_6hpv5-2\1396293892972-0.6895102399867028\package
76 silly lockFile d4cf90c8-92972-0-6895102399867028-package tar://C:\Users\Rinat\AppData\Local\Temp\npm-10216-_6hpv5-2\1396293892972-0.6895102399867028\package
77 verbose lock tar://C:\Users\Rinat\AppData\Local\Temp\npm-10216-_6hpv5-2\1396293892972-0.6895102399867028\package C:\Users\Rinat\AppData\Roaming\npm-cache\d4cf90c8-92972-0-6895102399867028-package.lock
78 silly lockFile 014fd96e-cache-httpsync-0-0-8-package-tgz tar://C:\Users\Rinat\AppData\Roaming\npm-cache\httpsync\0.0.8\package.tgz
79 verbose lock tar://C:\Users\Rinat\AppData\Roaming\npm-cache\httpsync\0.0.8\package.tgz C:\Users\Rinat\AppData\Roaming\npm-cache\014fd96e-cache-httpsync-0-0-8-package-tgz.lock
80 silly lockFile d4cf90c8-92972-0-6895102399867028-package tar://C:\Users\Rinat\AppData\Local\Temp\npm-10216-_6hpv5-2\1396293892972-0.6895102399867028\package
81 silly lockFile d4cf90c8-92972-0-6895102399867028-package tar://C:\Users\Rinat\AppData\Local\Temp\npm-10216-_6hpv5-2\1396293892972-0.6895102399867028\package
82 silly lockFile 014fd96e-cache-httpsync-0-0-8-package-tgz tar://C:\Users\Rinat\AppData\Roaming\npm-cache\httpsync\0.0.8\package.tgz
83 silly lockFile 014fd96e-cache-httpsync-0-0-8-package-tgz tar://C:\Users\Rinat\AppData\Roaming\npm-cache\httpsync\0.0.8\package.tgz
84 silly lockFile 9dc43a42-npm-cache-httpsync-0-0-8-package C:\Users\Rinat\AppData\Roaming\npm-cache\httpsync\0.0.8\package
85 verbose lock C:\Users\Rinat\AppData\Roaming\npm-cache\httpsync\0.0.8\package C:\Users\Rinat\AppData\Roaming\npm-cache\9dc43a42-npm-cache-httpsync-0-0-8-package.lock
86 silly lockFile 9dc43a42-npm-cache-httpsync-0-0-8-package C:\Users\Rinat\AppData\Roaming\npm-cache\httpsync\0.0.8\package
87 silly lockFile 9dc43a42-npm-cache-httpsync-0-0-8-package C:\Users\Rinat\AppData\Roaming\npm-cache\httpsync\0.0.8\package
88 verbose tar unpack C:\Users\Rinat\AppData\Roaming\npm-cache\httpsync\0.0.8\package.tgz
89 silly lockFile 125291c9-npm-cache-httpsync-0-0-8-package tar://C:\Users\Rinat\AppData\Roaming\npm-cache\httpsync\0.0.8\package
90 verbose lock tar://C:\Users\Rinat\AppData\Roaming\npm-cache\httpsync\0.0.8\package C:\Users\Rinat\AppData\Roaming\npm-cache\125291c9-npm-cache-httpsync-0-0-8-package.lock
91 silly lockFile 014fd96e-cache-httpsync-0-0-8-package-tgz tar://C:\Users\Rinat\AppData\Roaming\npm-cache\httpsync\0.0.8\package.tgz
92 verbose lock tar://C:\Users\Rinat\AppData\Roaming\npm-cache\httpsync\0.0.8\package.tgz C:\Users\Rinat\AppData\Roaming\npm-cache\014fd96e-cache-httpsync-0-0-8-package-tgz.lock
93 silly gunzTarPerm modes [ '755', '644' ]
94 silly gunzTarPerm extractEntry package.json
95 silly gunzTarPerm modified mode [ 'package.json', 438, 420 ]
96 silly gunzTarPerm extractEntry .npmignore
97 silly gunzTarPerm modified mode [ '.npmignore', 438, 420 ]
98 silly gunzTarPerm extractEntry README.md
99 silly gunzTarPerm modified mode [ 'README.md', 438, 420 ]
100 silly gunzTarPerm extractEntry index.js
101 silly gunzTarPerm modified mode [ 'index.js', 438, 420 ]
102 silly gunzTarPerm extractEntry Makefile
103 silly gunzTarPerm modified mode [ 'Makefile', 438, 420 ]
104 silly gunzTarPerm extractEntry wscript
105 silly gunzTarPerm modified mode [ 'wscript', 438, 420 ]
106 silly gunzTarPerm extractEntry TODO
107 silly gunzTarPerm modified mode [ 'TODO', 438, 420 ]
108 silly gunzTarPerm extractEntry binding.gyp
109 silly gunzTarPerm modified mode [ 'binding.gyp', 438, 420 ]
110 silly gunzTarPerm extractEntry .travis.yml
111 silly gunzTarPerm modified mode [ '.travis.yml', 438, 420 ]
112 silly gunzTarPerm extractEntry example/upload_file.js
113 silly gunzTarPerm modified mode [ 'example/upload_file.js', 438, 420 ]
114 silly gunzTarPerm extractEntry AUTHORS
115 silly gunzTarPerm modified mode [ 'AUTHORS', 438, 420 ]
116 silly gunzTarPerm extractEntry link.sh
117 silly gunzTarPerm modified mode [ 'link.sh', 438, 420 ]
118 silly gunzTarPerm extractEntry History.md
119 silly gunzTarPerm modified mode [ 'History.md', 438, 420 ]
120 silly gunzTarPerm extractEntry src/curl.cc
121 silly gunzTarPerm modified mode [ 'src/curl.cc', 438, 420 ]
122 silly gunzTarPerm extractEntry src/curl.h
123 silly gunzTarPerm modified mode [ 'src/curl.h', 438, 420 ]
124 silly gunzTarPerm extractEntry src/main.cc
125 silly gunzTarPerm modified mode [ 'src/main.cc', 438, 420 ]
126 silly gunzTarPerm extractEntry src/request.cc
127 silly gunzTarPerm modified mode [ 'src/request.cc', 438, 420 ]
128 silly gunzTarPerm extractEntry test/curl.js
129 silly gunzTarPerm modified mode [ 'test/curl.js', 438, 420 ]
130 silly gunzTarPerm extractEntry test/mocha.opts
131 silly gunzTarPerm modified mode [ 'test/mocha.opts', 438, 420 ]
132 silly gunzTarPerm extractEntry test/support/echo.js
133 silly gunzTarPerm modified mode [ 'test/support/echo.js', 438, 420 ]
134 silly gunzTarPerm extractEntry build.sh
135 silly gunzTarPerm modified mode [ 'build.sh', 438, 420 ]
136 silly lockFile 125291c9-npm-cache-httpsync-0-0-8-package tar://C:\Users\Rinat\AppData\Roaming\npm-cache\httpsync\0.0.8\package
137 silly lockFile 125291c9-npm-cache-httpsync-0-0-8-package tar://C:\Users\Rinat\AppData\Roaming\npm-cache\httpsync\0.0.8\package
138 silly lockFile 014fd96e-cache-httpsync-0-0-8-package-tgz tar://C:\Users\Rinat\AppData\Roaming\npm-cache\httpsync\0.0.8\package.tgz
139 silly lockFile 014fd96e-cache-httpsync-0-0-8-package-tgz tar://C:\Users\Rinat\AppData\Roaming\npm-cache\httpsync\0.0.8\package.tgz
140 verbose chmod C:\Users\Rinat\AppData\Roaming\npm-cache\httpsync\0.0.8\package.tgz 644
141 silly chown skipping for windows C:\Users\Rinat\AppData\Roaming\npm-cache\httpsync\0.0.8\package.tgz
142 silly lockFile 553adfde--org-httpsync-httpsync-0-0-8-tgz https://registry.npmjs.org/httpsync/-/httpsync-0.0.8.tgz
143 silly lockFile 553adfde--org-httpsync-httpsync-0-0-8-tgz https://registry.npmjs.org/httpsync/-/httpsync-0.0.8.tgz
144 silly lockFile d0d8c59d-httpsync-0-0-8 httpsync@0.0.8
145 silly lockFile d0d8c59d-httpsync-0-0-8 httpsync@0.0.8
146 silly lockFile 202468d7-httpsync httpsync@
147 silly lockFile 202468d7-httpsync httpsync@
148 silly resolved [ { name: 'httpsync',
148 silly resolved     version: '0.0.8',
148 silly resolved     scripts: { install: 'sh build.sh', test: 'make test' },
148 silly resolved     description: '`httpsync` is a port of libcurl to node.js. Its interface emulates the  `http` module of node.js. But in contrast to `http` module\'s asynchronous functions, `httpsync` provides the equivalent synchronous APIs.',
148 silly resolved     main: 'index.js',
148 silly resolved     directories: { test: 'test' },
148 silly resolved     homepage: 'https://github.com/fengmk2/node-curl',
148 silly resolved     repository: { type: 'git', url: 'git://github.com/fengmk2/node-curl.git' },
148 silly resolved     keywords: [ 'curl', 'sync', 'http' ],
148 silly resolved     devDependencies:
148 silly resolved      { contributors: '*',
148 silly resolved        should: '*',
148 silly resolved        mocha: '*',
148 silly resolved        'form-data': '0.0.3' },
148 silly resolved     author: { name: 'zcbenz' },
148 silly resolved     license: 'MIT',
148 silly resolved     contributors: [ [Object], [Object], [Object] ],
148 silly resolved     readme: '# httpsync\n\n[![Build Status](https://secure.travis-ci.org/fengmk2/node-curl.png)](http://travis-ci.org/fengmk2/node-curl)\n\n`httpsync` is a port of libcurl to node.js. Its interface emulates the\n`http` module of node.js. But in contrast to `http` module\'s asynchronous\nfunctions, node-curl provides the equivalent synchronous APIs.\n\n## Install\n\n* required libcurl: http://curl.haxx.se/libcurl/\n\n```bash\n$ npm install httpsync\n```\n\n## APIs\n\n### httpsync.request(options)\n \n Options:\n\n - `url`             (required) The url to GET/POST, such as "http://host:80/index.php", just like what you input in the browser.\n - `method`          `GET`, `POST` or `HEAD` or any other valid request. And even `FUCK` if your server supports it.\n - `headers`         Custom headers to be sent. \n - `useragent`       The User Agent string\n - `timeout`         Maximum time in seconds that you allow the libcurl transfer operation to take.\n - `connectTimeout`  Maximum time in seconds that you allow the connection to the server to take.\n - `debug`           `httpsync` will print debug informations is set to true\n\n Example\n\n```javascript\nvar httpsync = require(\'httpsync\');\nvar req = httpsync.request({\n  url: "http://cnodejs.org",\n  method: "GET",\n  useragent: "Ultimate Web Browser",\n  headers: {\n    Tag: "TGB3123",\n    String: "A long string"\n  }\n});\n```\n\n### httpsync.get([options | url])\n\n It\'s equivalent to `curl.request` but the method is default to `GET`.\n\n And you can have\n\n```javascript\nvar httpsync = require(\'httpsync\');\nvar req = httpsync.get({ url : "http://cnodejs.org"});\nvar res = req.end();\nconsole.log(res);\n```\n\n Or just straight forward\n\n```javascript\nvar httpsync = require(\'httpsync\');\nvar req = httpsync.get("http://cnodejs.org");\n```\n\n### request.write(chunk)\n \n Write a chunk of data to the request. The type of data can be String or Buffer.\n\n### request.end([chunk])\n\n Send the request and get response.\n\n Example\n\n```javascript\nvar req = curl.request({\n  url: "http://cnodejs.org",\n  method: "POST"\n});\nreq.write("Some text\\n");\nreq.write("another text");\nconsole.log(req.end());\n```\n\n### request.endFile(filePath)\n\n Send a file directly. The method will default to `PUT`.\n\n Example\n\n```javascript\nvar req = curl.request({\n  url: "http://cnodejs.org",\n});\nreq.endFile("/etc/passwd");\n```\n\n### response\n\n The response Object is what you get after req.end (), it has following\n fields:\n\n - `data`        A Buffer that stores data sent by server.\n - `headers`     Complete response headers, even contains those custom ones.\n - `ip`          IP address of the server.\n - `statusCode`  Status code that sent by server.\n\n## Contributors\n\nThanks goes to the people who have contributed code to this module, see the [GitHub Contributors page](https://github.com/fengmk2/node-curl/graphs/contributors).\n\nBelow is the output from `git-summary`\n\n```\n project: node-curl\n commits: 33\n active : 8 days\n files  : 24\n authors: \n    21  赵成                  63.6%\n    12  fengmk2                 36.4%\n```\n\n## License \n\n(The MIT License)\n\nCopyright (c) 2012 fengmk2 &lt;fengmk2@gmail.com&gt;\nCopyright (c) 2012 zcbenz https://github.com/zcbenz\n\nPermission is hereby granted, free of charge, to any person obtaining\na copy of this software and associated documentation files (the\n\'Software\'), to deal in the Software without restriction, including\nwithout limitation the rights to use, copy, modify, merge, publish,\ndistribute, sublicense, and/or sell copies of the Software, and to\npermit persons to whom the Software is furnished to do so, subject to\nthe following conditions:\n\nThe above copyright notice and this permission notice shall be\nincluded in all copies or substantial portions of the Software.\n\nTHE SOFTWARE IS PROVIDED \'AS IS\', WITHOUT WARRANTY OF ANY KIND,\nEXPRESS OR IMPLIED, INCLUDING BUT NOT LIMITED TO THE WARRANTIES OF\nMERCHANTABILITY, FITNESS FOR A PARTICULAR PURPOSE AND NONINFRINGEMENT.\nIN NO EVENT SHALL THE AUTHORS OR COPYRIGHT HOLDERS BE LIABLE FOR ANY\nCLAIM, DAMAGES OR OTHER LIABILITY, WHETHER IN AN ACTION OF CONTRACT,\nTORT OR OTHERWISE, ARISING FROM, OUT OF OR IN CONNECTION WITH THE\nSOFTWARE OR THE USE OR OTHER DEALINGS IN THE SOFTWARE.\n',
148 silly resolved     readmeFilename: 'README.md',
148 silly resolved     bugs: { url: 'https://github.com/fengmk2/node-curl/issues' },
148 silly resolved     _id: 'httpsync@0.0.8',
148 silly resolved     dist: { shasum: '86a8eccaca45823aeef0c725e3557faa34ae160b' },
148 silly resolved     _from: 'httpsync@',
148 silly resolved     _resolved: 'https://registry.npmjs.org/httpsync/-/httpsync-0.0.8.tgz' } ]
149 info install httpsync@0.0.8 into C:\Users\Rinat\rgr
150 info installOne httpsync@0.0.8
151 info C:\Users\Rinat\rgr\node_modules\httpsync unbuild
152 verbose tar unpack C:\Users\Rinat\AppData\Roaming\npm-cache\httpsync\0.0.8\package.tgz
153 silly lockFile ba55a266--Rinat-rgr-node-modules-httpsync tar://C:\Users\Rinat\rgr\node_modules\httpsync
154 verbose lock tar://C:\Users\Rinat\rgr\node_modules\httpsync C:\Users\Rinat\AppData\Roaming\npm-cache\ba55a266--Rinat-rgr-node-modules-httpsync.lock
155 silly lockFile 014fd96e-cache-httpsync-0-0-8-package-tgz tar://C:\Users\Rinat\AppData\Roaming\npm-cache\httpsync\0.0.8\package.tgz
156 verbose lock tar://C:\Users\Rinat\AppData\Roaming\npm-cache\httpsync\0.0.8\package.tgz C:\Users\Rinat\AppData\Roaming\npm-cache\014fd96e-cache-httpsync-0-0-8-package-tgz.lock
157 silly gunzTarPerm modes [ '755', '644' ]
158 silly gunzTarPerm extractEntry package.json
159 silly gunzTarPerm modified mode [ 'package.json', 438, 420 ]
160 silly gunzTarPerm extractEntry .npmignore
161 silly gunzTarPerm modified mode [ '.npmignore', 438, 420 ]
162 silly gunzTarPerm extractEntry README.md
163 silly gunzTarPerm modified mode [ 'README.md', 438, 420 ]
164 silly gunzTarPerm extractEntry index.js
165 silly gunzTarPerm modified mode [ 'index.js', 438, 420 ]
166 silly gunzTarPerm extractEntry Makefile
167 silly gunzTarPerm modified mode [ 'Makefile', 438, 420 ]
168 silly gunzTarPerm extractEntry wscript
169 silly gunzTarPerm modified mode [ 'wscript', 438, 420 ]
170 silly gunzTarPerm extractEntry TODO
171 silly gunzTarPerm modified mode [ 'TODO', 438, 420 ]
172 silly gunzTarPerm extractEntry binding.gyp
173 silly gunzTarPerm modified mode [ 'binding.gyp', 438, 420 ]
174 silly gunzTarPerm extractEntry .travis.yml
175 silly gunzTarPerm modified mode [ '.travis.yml', 438, 420 ]
176 silly gunzTarPerm extractEntry example/upload_file.js
177 silly gunzTarPerm modified mode [ 'example/upload_file.js', 438, 420 ]
178 silly gunzTarPerm extractEntry AUTHORS
179 silly gunzTarPerm modified mode [ 'AUTHORS', 438, 420 ]
180 silly gunzTarPerm extractEntry link.sh
181 silly gunzTarPerm modified mode [ 'link.sh', 438, 420 ]
182 silly gunzTarPerm extractEntry History.md
183 silly gunzTarPerm modified mode [ 'History.md', 438, 420 ]
184 silly gunzTarPerm extractEntry src/curl.cc
185 silly gunzTarPerm modified mode [ 'src/curl.cc', 438, 420 ]
186 silly gunzTarPerm extractEntry src/curl.h
187 silly gunzTarPerm modified mode [ 'src/curl.h', 438, 420 ]
188 silly gunzTarPerm extractEntry src/main.cc
189 silly gunzTarPerm modified mode [ 'src/main.cc', 438, 420 ]
190 silly gunzTarPerm extractEntry src/request.cc
191 silly gunzTarPerm modified mode [ 'src/request.cc', 438, 420 ]
192 silly gunzTarPerm extractEntry test/curl.js
193 silly gunzTarPerm modified mode [ 'test/curl.js', 438, 420 ]
194 silly gunzTarPerm extractEntry test/mocha.opts
195 silly gunzTarPerm modified mode [ 'test/mocha.opts', 438, 420 ]
196 silly gunzTarPerm extractEntry test/support/echo.js
197 silly gunzTarPerm modified mode [ 'test/support/echo.js', 438, 420 ]
198 silly gunzTarPerm extractEntry build.sh
199 silly gunzTarPerm modified mode [ 'build.sh', 438, 420 ]
200 silly lockFile ba55a266--Rinat-rgr-node-modules-httpsync tar://C:\Users\Rinat\rgr\node_modules\httpsync
201 silly lockFile ba55a266--Rinat-rgr-node-modules-httpsync tar://C:\Users\Rinat\rgr\node_modules\httpsync
202 silly lockFile 014fd96e-cache-httpsync-0-0-8-package-tgz tar://C:\Users\Rinat\AppData\Roaming\npm-cache\httpsync\0.0.8\package.tgz
203 silly lockFile 014fd96e-cache-httpsync-0-0-8-package-tgz tar://C:\Users\Rinat\AppData\Roaming\npm-cache\httpsync\0.0.8\package.tgz
204 info preinstall httpsync@0.0.8
205 verbose readDependencies using package.json deps
206 verbose readDependencies using package.json deps
207 silly resolved []
208 verbose about to build C:\Users\Rinat\rgr\node_modules\httpsync
209 info build C:\Users\Rinat\rgr\node_modules\httpsync
210 verbose linkStuff [ false, false, false, 'C:\\Users\\Rinat\\rgr\\node_modules' ]
211 info linkStuff httpsync@0.0.8
212 verbose linkBins httpsync@0.0.8
213 verbose linkMans httpsync@0.0.8
214 verbose rebuildBundles httpsync@0.0.8
215 info install httpsync@0.0.8
216 verbose unsafe-perm in lifecycle true
217 info httpsync@0.0.8 Failed to exec install script
218 info C:\Users\Rinat\rgr\node_modules\httpsync unbuild
219 info preuninstall httpsync@0.0.8
220 info uninstall httpsync@0.0.8
221 verbose true,C:\Users\Rinat\rgr\node_modules,C:\Users\Rinat\rgr\node_modules unbuild httpsync@0.0.8
222 info postuninstall httpsync@0.0.8
223 error httpsync@0.0.8 install: `sh build.sh`
223 error Exit status 1
224 error Failed at the httpsync@0.0.8 install script.
224 error This is most likely a problem with the httpsync package,
224 error not with npm itself.
224 error Tell the author that this fails on your system:
224 error     sh build.sh
224 error You can get their info via:
224 error     npm owner ls httpsync
224 error There is likely additional logging output above.
225 error System Windows_NT 6.2.9200
226 error command "C:\\Program Files\\nodejs\\\\node.exe" "C:\\Program Files\\nodejs\\node_modules\\npm\\bin\\npm-cli.js" "install" "httpsync"
227 error cwd C:\Users\Rinat\rgr
228 error node -v v0.10.26
229 error npm -v 1.4.3
230 error code ELIFECYCLE
231 verbose exit [ 1, true ]
